<?xml version="1.0" encoding="UTF-8"?>
<testsuite xmlns:xsi="http://www.w3.org/2001/XMLSchema-instance" xsi:noNamespaceSchemaLocation="https://maven.apache.org/surefire/maven-surefire-plugin/xsd/surefire-test-report-3.0.xsd" version="3.0" name="com.obsidian.tests.integration.SystemWiringIntegrationTest" time="5.967" tests="2" errors="0" skipped="0" failures="0">
  <properties>
[...]
</properties>
  <testcase name="shouldServeRepositoryInsertedCategoryViaApi" classname="com.obsidian.tests.integration.SystemWiringIntegrationTest" time="0.482">
    <system-out><![CDATA[Standard Commons Logging discovery in action with spring-jcl: please remove commons-logging.jar from classpath in order to avoid potential conflicts

  .   ____          _            __ _ _
 /\\ / ___'_ __ _ _(_)_ __  __ _ \ \ \ \
( ( )\___ | '_ | '_| | '_ \/ _` | \ \ \ \
 \\/  ___)| |_)| | | | | || (_| |  ) ) ) )
  '  |____| .__|_| |_|_| |_\__, | / / / /
 =========|_|==============|___/=/_/_/_/

 :: Spring Boot ::                (v3.3.4)

2026-04-13T20:55:23.029+05:30  WARN 92552 --- [           main] ory$DuplicateJsonObjectContextCustomizer : 

Found multiple occurrences of org.json.JSONObject on the class path:

	jar:file:/Users/rupeshkohli/.m2/repository/org/json/json/20231013/json-20231013.jar!/org/json/JSONObject.class
	jar:file:/Users/rupeshkohli/.m2/repository/com/vaadin/external/google/android-json/0.0.20131108.vaadin1/android-json-0.0.20131108.vaadin1.jar!/org/json/JSONObject.class

You may wish to exclude one of them to ensure predictable runtime behavior

2026-04-13T20:55:23.036+05:30  INFO 92552 --- [           main] c.o.t.i.SystemWiringIntegrationTest      : Starting SystemWiringIntegrationTest using Java 25.0.2 with PID 92552 (started by rupeshkohli in /Users/rupeshkohli/Documents/Demo/E-Commerce/backend)
2026-04-13T20:55:23.036+05:30  INFO 92552 --- [           main] c.o.t.i.SystemWiringIntegrationTest      : The following 2 profiles are active: "it", "dev"
2026-04-13T20:55:23.679+05:30  INFO 92552 --- [           main] .s.d.r.c.RepositoryConfigurationDelegate : Bootstrapping Spring Data JPA repositories in DEFAULT mode.
2026-04-13T20:55:23.740+05:30  INFO 92552 --- [           main] .s.d.r.c.RepositoryConfigurationDelegate : Finished Spring Data repository scanning in 56 ms. Found 18 JPA repository interfaces.
2026-04-13T20:55:24.310+05:30  INFO 92552 --- [           main] o.s.b.w.embedded.tomcat.TomcatWebServer  : Tomcat initialized with port 0 (http)
2026-04-13T20:55:24.318+05:30  INFO 92552 --- [           main] o.apache.catalina.core.StandardService   : Starting service [Tomcat]
2026-04-13T20:55:24.319+05:30  INFO 92552 --- [           main] o.apache.catalina.core.StandardEngine    : Starting Servlet engine: [Apache Tomcat/10.1.30]
2026-04-13T20:55:24.352+05:30  INFO 92552 --- [           main] o.a.c.c.C.[Tomcat].[localhost].[/]       : Initializing Spring embedded WebApplicationContext
2026-04-13T20:55:24.352+05:30  INFO 92552 --- [           main] w.s.c.ServletWebServerApplicationContext : Root WebApplicationContext: initialization completed in 1306 ms
Standard Commons Logging discovery in action with spring-jcl: please remove commons-logging.jar from classpath in order to avoid potential conflicts
2026-04-13T20:55:24.599+05:30  INFO 92552 --- [           main] o.hibernate.jpa.internal.util.LogHelper  : HHH000204: Processing PersistenceUnitInfo [name: default]
2026-04-13T20:55:24.633+05:30  INFO 92552 --- [           main] org.hibernate.Version                    : HHH000412: Hibernate ORM core version 6.5.3.Final
2026-04-13T20:55:24.651+05:30  INFO 92552 --- [           main] o.h.c.internal.RegionFactoryInitiator    : HHH000026: Second-level cache disabled
2026-04-13T20:55:24.825+05:30  INFO 92552 --- [           main] o.s.o.j.p.SpringPersistenceUnitInfo      : No LoadTimeWeaver setup: ignoring JPA class transformer
2026-04-13T20:55:24.841+05:30  INFO 92552 --- [           main] com.zaxxer.hikari.HikariDataSource       : HikariPool-1 - Starting...
2026-04-13T20:55:24.952+05:30  INFO 92552 --- [           main] com.zaxxer.hikari.pool.HikariPool        : HikariPool-1 - Added connection conn0: url=jdbc:h2:mem:obsidian_it user=SA
2026-04-13T20:55:24.953+05:30  INFO 92552 --- [           main] com.zaxxer.hikari.HikariDataSource       : HikariPool-1 - Start completed.
2026-04-13T20:55:24.968+05:30  WARN 92552 --- [           main] org.hibernate.orm.deprecation            : HHH90000025: H2Dialect does not need to be specified explicitly using 'hibernate.dialect' (remove the property setting and it will be selected by default)
2026-04-13T20:55:25.705+05:30  INFO 92552 --- [           main] o.h.e.t.j.p.i.JtaPlatformInitiator       : HHH000489: No JTA platform available (set 'hibernate.transaction.jta.platform' to enable JTA platform integration)
2026-04-13T20:55:25.713+05:30 DEBUG 92552 --- [           main] org.hibernate.SQL                        : 
    drop table if exists addresses cascade 
Hibernate: 
    drop table if exists addresses cascade 
2026-04-13T20:55:25.715+05:30 DEBUG 92552 --- [           main] org.hibernate.SQL                        : 
    drop table if exists cart cascade 
Hibernate: 
    drop table if exists cart cascade 
2026-04-13T20:55:25.715+05:30 DEBUG 92552 --- [           main] org.hibernate.SQL                        : 
    drop table if exists cart_items cascade 
Hibernate: 
    drop table if exists cart_items cascade 
2026-04-13T20:55:25.716+05:30 DEBUG 92552 --- [           main] org.hibernate.SQL                        : 
    drop table if exists categories cascade 
Hibernate: 
    drop table if exists categories cascade 
2026-04-13T20:55:25.716+05:30 DEBUG 92552 --- [           main] org.hibernate.SQL                        : 
    drop table if exists coupons cascade 
Hibernate: 
    drop table if exists coupons cascade 
2026-04-13T20:55:25.716+05:30 DEBUG 92552 --- [           main] org.hibernate.SQL                        : 
    drop table if exists newsletter_subscribers cascade 
Hibernate: 
    drop table if exists newsletter_subscribers cascade 
2026-04-13T20:55:25.716+05:30 DEBUG 92552 --- [           main] org.hibernate.SQL                        : 
    drop table if exists notifications cascade 
Hibernate: 
    drop table if exists notifications cascade 
2026-04-13T20:55:25.716+05:30 DEBUG 92552 --- [           main] org.hibernate.SQL                        : 
    drop table if exists order_items cascade 
Hibernate: 
    drop table if exists order_items cascade 
2026-04-13T20:55:25.717+05:30 DEBUG 92552 --- [           main] org.hibernate.SQL                        : 
    drop table if exists orders cascade 
Hibernate: 
    drop table if exists orders cascade 
2026-04-13T20:55:25.717+05:30 DEBUG 92552 --- [           main] org.hibernate.SQL                        : 
    drop table if exists otp_tokens cascade 
Hibernate: 
    drop table if exists otp_tokens cascade 
2026-04-13T20:55:25.717+05:30 DEBUG 92552 --- [           main] org.hibernate.SQL                        : 
    drop table if exists payment_methods cascade 
Hibernate: 
    drop table if exists payment_methods cascade 
2026-04-13T20:55:25.717+05:30 DEBUG 92552 --- [           main] org.hibernate.SQL                        : 
    drop table if exists payments cascade 
Hibernate: 
    drop table if exists payments cascade 
2026-04-13T20:55:25.717+05:30 DEBUG 92552 --- [           main] org.hibernate.SQL                        : 
    drop table if exists product_images cascade 
Hibernate: 
    drop table if exists product_images cascade 
2026-04-13T20:55:25.718+05:30 DEBUG 92552 --- [           main] org.hibernate.SQL                        : 
    drop table if exists product_variants cascade 
Hibernate: 
    drop table if exists product_variants cascade 
2026-04-13T20:55:25.718+05:30 DEBUG 92552 --- [           main] org.hibernate.SQL                        : 
    drop table if exists products cascade 
Hibernate: 
    drop table if exists products cascade 
2026-04-13T20:55:25.718+05:30 DEBUG 92552 --- [           main] org.hibernate.SQL                        : 
    drop table if exists refresh_tokens cascade 
Hibernate: 
    drop table if exists refresh_tokens cascade 
2026-04-13T20:55:25.718+05:30 DEBUG 92552 --- [           main] org.hibernate.SQL                        : 
    drop table if exists reviews cascade 
Hibernate: 
    drop table if exists reviews cascade 
2026-04-13T20:55:25.719+05:30 DEBUG 92552 --- [           main] org.hibernate.SQL                        : 
    drop table if exists users cascade 
Hibernate: 
    drop table if exists users cascade 
2026-04-13T20:55:25.719+05:30 DEBUG 92552 --- [           main] org.hibernate.SQL                        : 
    drop table if exists wishlist_items cascade 
Hibernate: 
    drop table if exists wishlist_items cascade 
2026-04-13T20:55:25.721+05:30 DEBUG 92552 --- [           main] org.hibernate.SQL                        : 
    create table addresses (
        is_default boolean not null,
        id uuid not null,
        user_id uuid not null,
        city varchar(255) not null,
        full_name varchar(255) not null,
        phone varchar(255) not null,
        pincode varchar(255) not null,
        state varchar(255) not null,
        street varchar(255) not null,
        address_type enum ('HOME','OTHER','WORK') not null,
        primary key (id)
    )
Hibernate: 
    create table addresses (
        is_default boolean not null,
        id uuid not null,
        user_id uuid not null,
        city varchar(255) not null,
        full_name varchar(255) not null,
        phone varchar(255) not null,
        pincode varchar(255) not null,
        state varchar(255) not null,
        street varchar(255) not null,
        address_type enum ('HOME','OTHER','WORK') not null,
        primary key (id)
    )
2026-04-13T20:55:25.725+05:30 DEBUG 92552 --- [           main] org.hibernate.SQL                        : 
    create table cart (
        id uuid not null,
        user_id uuid not null unique,
        primary key (id)
    )
Hibernate: 
    create table cart (
        id uuid not null,
        user_id uuid not null unique,
        primary key (id)
    )
2026-04-13T20:55:25.727+05:30 DEBUG 92552 --- [           main] org.hibernate.SQL                        : 
    create table cart_items (
        quantity integer not null,
        cart_id uuid not null,
        id uuid not null,
        product_id uuid not null,
        variant_id uuid,
        primary key (id)
    )
Hibernate: 
    create table cart_items (
        quantity integer not null,
        cart_id uuid not null,
        id uuid not null,
        product_id uuid not null,
        variant_id uuid,
        primary key (id)
    )
2026-04-13T20:55:25.728+05:30 DEBUG 92552 --- [           main] org.hibernate.SQL                        : 
    create table categories (
        item_count integer,
        id uuid not null,
        parent_id uuid,
        icon_name varchar(255),
        image_url varchar(255),
        name varchar(255) not null,
        slug varchar(255) not null unique,
        primary key (id)
    )
Hibernate: 
    create table categories (
        item_count integer,
        id uuid not null,
        parent_id uuid,
        icon_name varchar(255),
        image_url varchar(255),
        name varchar(255) not null,
        slug varchar(255) not null unique,
        primary key (id)
    )
2026-04-13T20:55:25.729+05:30 DEBUG 92552 --- [           main] org.hibernate.SQL                        : 
    create table coupons (
        discount_value numeric(12,2) not null,
        is_active boolean not null,
        max_discount numeric(12,2),
        min_order_amount numeric(12,2),
        usage_limit integer,
        used_count integer not null,
        expires_at timestamp(6) with time zone,
        id uuid not null,
        code varchar(255) not null unique,
        discount_type enum ('FLAT','PERCENTAGE') not null,
        primary key (id)
    )
Hibernate: 
    create table coupons (
        discount_value numeric(12,2) not null,
        is_active boolean not null,
        max_discount numeric(12,2),
        min_order_amount numeric(12,2),
        usage_limit integer,
        used_count integer not null,
        expires_at timestamp(6) with time zone,
        id uuid not null,
        code varchar(255) not null unique,
        discount_type enum ('FLAT','PERCENTAGE') not null,
        primary key (id)
    )
2026-04-13T20:55:25.730+05:30 DEBUG 92552 --- [           main] org.hibernate.SQL                        : 
    create table newsletter_subscribers (
        subscribed_at timestamp(6) with time zone not null,
        id uuid not null,
        email varchar(255) not null unique,
        primary key (id)
    )
Hibernate: 
    create table newsletter_subscribers (
        subscribed_at timestamp(6) with time zone not null,
        id uuid not null,
        email varchar(255) not null unique,
        primary key (id)
    )
2026-04-13T20:55:25.733+05:30 DEBUG 92552 --- [           main] org.hibernate.SQL                        : 
    create table notifications (
        is_read boolean not null,
        created_at timestamp(6) with time zone not null,
        id uuid not null,
        user_id uuid not null,
        message TEXT not null,
        type enum ('DELIVERY','ORDER','PROMO','SECURITY') not null,
        primary key (id)
    )
Hibernate: 
    create table notifications (
        is_read boolean not null,
        created_at timestamp(6) with time zone not null,
        id uuid not null,
        user_id uuid not null,
        message TEXT not null,
        type enum ('DELIVERY','ORDER','PROMO','SECURITY') not null,
        primary key (id)
    )
2026-04-13T20:55:25.734+05:30 DEBUG 92552 --- [           main] org.hibernate.SQL                        : 
    create table order_items (
        price_at_purchase numeric(12,2) not null,
        quantity integer not null,
        id uuid not null,
        order_id uuid not null,
        product_id uuid not null,
        variant_id uuid,
        primary key (id)
    )
Hibernate: 
    create table order_items (
        price_at_purchase numeric(12,2) not null,
        quantity integer not null,
        id uuid not null,
        order_id uuid not null,
        product_id uuid not null,
        variant_id uuid,
        primary key (id)
    )
2026-04-13T20:55:25.735+05:30 DEBUG 92552 --- [           main] org.hibernate.SQL                        : 
    create table orders (
        discount_amount numeric(12,2) not null,
        total_amount numeric(12,2) not null,
        created_at timestamp(6) with time zone not null,
        address_id uuid not null,
        coupon_id uuid,
        id uuid not null,
        user_id uuid not null,
        courier_name varchar(255),
        razorpay_order_id varchar(255),
        tracking_number varchar(255),
        payment_method enum ('CARD','COD','NETBANKING','UPI','WALLET') not null,
        payment_status enum ('CAPTURED','FAILED','PAID','PENDING','REFUNDED') not null,
        status enum ('CANCELLED','CONFIRMED','DELIVERED','PENDING','REFUNDED','RETURN_REQUESTED','SHIPPED') not null,
        primary key (id)
    )
Hibernate: 
    create table orders (
        discount_amount numeric(12,2) not null,
        total_amount numeric(12,2) not null,
        created_at timestamp(6) with time zone not null,
        address_id uuid not null,
        coupon_id uuid,
        id uuid not null,
        user_id uuid not null,
        courier_name varchar(255),
        razorpay_order_id varchar(255),
        tracking_number varchar(255),
        payment_method enum ('CARD','COD','NETBANKING','UPI','WALLET') not null,
        payment_status enum ('CAPTURED','FAILED','PAID','PENDING','REFUNDED') not null,
        status enum ('CANCELLED','CONFIRMED','DELIVERED','PENDING','REFUNDED','RETURN_REQUESTED','SHIPPED') not null,
        primary key (id)
    )
2026-04-13T20:55:25.736+05:30 DEBUG 92552 --- [           main] org.hibernate.SQL                        : 
    create table otp_tokens (
        is_used boolean not null,
        otp_code varchar(6) not null,
        created_at timestamp(6) with time zone not null,
        expires_at timestamp(6) with time zone not null,
        id uuid not null,
        user_id uuid not null,
        otp_type enum ('FORGOT_PASSWORD','REGISTER') not null,
        primary key (id)
    )
Hibernate: 
    create table otp_tokens (
        is_used boolean not null,
        otp_code varchar(6) not null,
        created_at timestamp(6) with time zone not null,
        expires_at timestamp(6) with time zone not null,
        id uuid not null,
        user_id uuid not null,
        otp_type enum ('FORGOT_PASSWORD','REGISTER') not null,
        primary key (id)
    )
2026-04-13T20:55:25.737+05:30 DEBUG 92552 --- [           main] org.hibernate.SQL                        : 
    create table payment_methods (
        card_last4 varchar(4) not null,
        expiry_month integer not null,
        expiry_year integer not null,
        is_primary boolean not null,
        id uuid not null,
        user_id uuid not null,
        card_brand varchar(255) not null,
        cardholder_name varchar(255) not null,
        razorpay_token varchar(255),
        primary key (id)
    )
Hibernate: 
    create table payment_methods (
        card_last4 varchar(4) not null,
        expiry_month integer not null,
        expiry_year integer not null,
        is_primary boolean not null,
        id uuid not null,
        user_id uuid not null,
        card_brand varchar(255) not null,
        cardholder_name varchar(255) not null,
        razorpay_token varchar(255),
        primary key (id)
    )
2026-04-13T20:55:25.738+05:30 DEBUG 92552 --- [           main] org.hibernate.SQL                        : 
    create table payments (
        amount numeric(12,2) not null,
        created_at timestamp(6) with time zone not null,
        id uuid not null,
        order_id uuid not null,
        razorpay_payment_id varchar(255),
        razorpay_signature varchar(255),
        status enum ('CAPTURED','FAILED','PAID','PENDING','REFUNDED') not null,
        primary key (id)
    )
Hibernate: 
    create table payments (
        amount numeric(12,2) not null,
        created_at timestamp(6) with time zone not null,
        id uuid not null,
        order_id uuid not null,
        razorpay_payment_id varchar(255),
        razorpay_signature varchar(255),
        status enum ('CAPTURED','FAILED','PAID','PENDING','REFUNDED') not null,
        primary key (id)
    )
2026-04-13T20:55:25.739+05:30 DEBUG 92552 --- [           main] org.hibernate.SQL                        : 
    create table product_images (
        product_id uuid not null,
        image_url varchar(255)
    )
Hibernate: 
    create table product_images (
        product_id uuid not null,
        image_url varchar(255)
    )
2026-04-13T20:55:25.740+05:30 DEBUG 92552 --- [           main] org.hibernate.SQL                        : 
    create table product_variants (
        price_modifier numeric(12,2),
        stock integer,
        id uuid not null,
        product_id uuid not null,
        color varchar(255),
        size varchar(255),
        primary key (id)
    )
Hibernate: 
    create table product_variants (
        price_modifier numeric(12,2),
        stock integer,
        id uuid not null,
        product_id uuid not null,
        color varchar(255),
        size varchar(255),
        primary key (id)
    )
2026-04-13T20:55:25.740+05:30 DEBUG 92552 --- [           main] org.hibernate.SQL                        : 
    create table products (
        discount_price numeric(12,2),
        is_available boolean not null,
        is_featured boolean not null,
        price numeric(12,2) not null,
        rating_avg numeric(3,2) not null,
        rating_count integer not null,
        stock integer not null,
        created_at timestamp(6) with time zone not null,
        category_id uuid not null,
        id uuid not null,
        brand varchar(255),
        description TEXT,
        name varchar(255) not null,
        slug varchar(255) not null unique,
        primary key (id)
    )
Hibernate: 
    create table products (
        discount_price numeric(12,2),
        is_available boolean not null,
        is_featured boolean not null,
        price numeric(12,2) not null,
        rating_avg numeric(3,2) not null,
        rating_count integer not null,
        stock integer not null,
        created_at timestamp(6) with time zone not null,
        category_id uuid not null,
        id uuid not null,
        brand varchar(255),
        description TEXT,
        name varchar(255) not null,
        slug varchar(255) not null unique,
        primary key (id)
    )
2026-04-13T20:55:25.742+05:30 DEBUG 92552 --- [           main] org.hibernate.SQL                        : 
    create table refresh_tokens (
        expires_at timestamp(6) with time zone not null,
        id uuid not null,
        user_id uuid not null,
        token varchar(255) not null unique,
        primary key (id)
    )
Hibernate: 
    create table refresh_tokens (
        expires_at timestamp(6) with time zone not null,
        id uuid not null,
        user_id uuid not null,
        token varchar(255) not null unique,
        primary key (id)
    )
2026-04-13T20:55:25.743+05:30 DEBUG 92552 --- [           main] org.hibernate.SQL                        : 
    create table reviews (
        rating integer not null,
        created_at timestamp(6) with time zone not null,
        id uuid not null,
        product_id uuid not null,
        user_id uuid not null,
        comment TEXT,
        primary key (id),
        unique (user_id, product_id)
    )
Hibernate: 
    create table reviews (
        rating integer not null,
        created_at timestamp(6) with time zone not null,
        id uuid not null,
        product_id uuid not null,
        user_id uuid not null,
        comment TEXT,
        primary key (id),
        unique (user_id, product_id)
    )
2026-04-13T20:55:25.744+05:30 DEBUG 92552 --- [           main] org.hibernate.SQL                        : 
    create table users (
        date_of_birth date,
        is_verified boolean not null,
        new_collections boolean not null,
        newsletter boolean not null,
        order_updates boolean not null,
        security_alerts boolean not null,
        two_factor_enabled boolean not null,
        created_at timestamp(6) with time zone not null,
        id uuid not null,
        avatar_url varchar(255),
        email varchar(255) not null unique,
        gender varchar(255),
        name varchar(255) not null,
        password varchar(255) not null,
        phone varchar(255),
        role enum ('ADMIN','USER') not null,
        primary key (id)
    )
Hibernate: 
    create table users (
        date_of_birth date,
        is_verified boolean not null,
        new_collections boolean not null,
        newsletter boolean not null,
        order_updates boolean not null,
        security_alerts boolean not null,
        two_factor_enabled boolean not null,
        created_at timestamp(6) with time zone not null,
        id uuid not null,
        avatar_url varchar(255),
        email varchar(255) not null unique,
        gender varchar(255),
        name varchar(255) not null,
        password varchar(255) not null,
        phone varchar(255),
        role enum ('ADMIN','USER') not null,
        primary key (id)
    )
2026-04-13T20:55:25.746+05:30 DEBUG 92552 --- [           main] org.hibernate.SQL                        : 
    create table wishlist_items (
        id uuid not null,
        product_id uuid not null,
        user_id uuid not null,
        primary key (id),
        unique (user_id, product_id)
    )
Hibernate: 
    create table wishlist_items (
        id uuid not null,
        product_id uuid not null,
        user_id uuid not null,
        primary key (id),
        unique (user_id, product_id)
    )
2026-04-13T20:55:25.747+05:30 DEBUG 92552 --- [           main] org.hibernate.SQL                        : 
    alter table if exists addresses 
       add constraint FK1fa36y2oqhao3wgg2rw1pi459 
       foreign key (user_id) 
       references users
Hibernate: 
    alter table if exists addresses 
       add constraint FK1fa36y2oqhao3wgg2rw1pi459 
       foreign key (user_id) 
       references users
2026-04-13T20:55:25.756+05:30 DEBUG 92552 --- [           main] org.hibernate.SQL                        : 
    alter table if exists cart 
       add constraint FKg5uhi8vpsuy0lgloxk2h4w5o6 
       foreign key (user_id) 
       references users
Hibernate: 
    alter table if exists cart 
       add constraint FKg5uhi8vpsuy0lgloxk2h4w5o6 
       foreign key (user_id) 
       references users
2026-04-13T20:55:25.757+05:30 DEBUG 92552 --- [           main] org.hibernate.SQL                        : 
    alter table if exists cart_items 
       add constraint FK99e0am9jpriwxcm6is7xfedy3 
       foreign key (cart_id) 
       references cart
Hibernate: 
    alter table if exists cart_items 
       add constraint FK99e0am9jpriwxcm6is7xfedy3 
       foreign key (cart_id) 
       references cart
2026-04-13T20:55:25.758+05:30 DEBUG 92552 --- [           main] org.hibernate.SQL                        : 
    alter table if exists cart_items 
       add constraint FK1re40cjegsfvw58xrkdp6bac6 
       foreign key (product_id) 
       references products
Hibernate: 
    alter table if exists cart_items 
       add constraint FK1re40cjegsfvw58xrkdp6bac6 
       foreign key (product_id) 
       references products
2026-04-13T20:55:25.759+05:30 DEBUG 92552 --- [           main] org.hibernate.SQL                        : 
    alter table if exists cart_items 
       add constraint FK5yyw1o0dor9gmxfra1dqvn4qa 
       foreign key (variant_id) 
       references product_variants
Hibernate: 
    alter table if exists cart_items 
       add constraint FK5yyw1o0dor9gmxfra1dqvn4qa 
       foreign key (variant_id) 
       references product_variants
2026-04-13T20:55:25.760+05:30 DEBUG 92552 --- [           main] org.hibernate.SQL                        : 
    alter table if exists categories 
       add constraint FKsaok720gsu4u2wrgbk10b5n8d 
       foreign key (parent_id) 
       references categories
Hibernate: 
    alter table if exists categories 
       add constraint FKsaok720gsu4u2wrgbk10b5n8d 
       foreign key (parent_id) 
       references categories
2026-04-13T20:55:25.761+05:30 DEBUG 92552 --- [           main] org.hibernate.SQL                        : 
    alter table if exists notifications 
       add constraint FK9y21adhxn0ayjhfocscqox7bh 
       foreign key (user_id) 
       references users
Hibernate: 
    alter table if exists notifications 
       add constraint FK9y21adhxn0ayjhfocscqox7bh 
       foreign key (user_id) 
       references users
2026-04-13T20:55:25.762+05:30 DEBUG 92552 --- [           main] org.hibernate.SQL                        : 
    alter table if exists order_items 
       add constraint FKbioxgbv59vetrxe0ejfubep1w 
       foreign key (order_id) 
       references orders
Hibernate: 
    alter table if exists order_items 
       add constraint FKbioxgbv59vetrxe0ejfubep1w 
       foreign key (order_id) 
       references orders
2026-04-13T20:55:25.764+05:30 DEBUG 92552 --- [           main] org.hibernate.SQL                        : 
    alter table if exists order_items 
       add constraint FKocimc7dtr037rh4ls4l95nlfi 
       foreign key (product_id) 
       references products
Hibernate: 
    alter table if exists order_items 
       add constraint FKocimc7dtr037rh4ls4l95nlfi 
       foreign key (product_id) 
       references products
2026-04-13T20:55:25.765+05:30 DEBUG 92552 --- [           main] org.hibernate.SQL                        : 
    alter table if exists order_items 
       add constraint FKemq71edpbn9wsxnxncfn1algp 
       foreign key (variant_id) 
       references product_variants
Hibernate: 
    alter table if exists order_items 
       add constraint FKemq71edpbn9wsxnxncfn1algp 
       foreign key (variant_id) 
       references product_variants
2026-04-13T20:55:25.766+05:30 DEBUG 92552 --- [           main] org.hibernate.SQL                        : 
    alter table if exists orders 
       add constraint FKhlglkvf5i60dv6dn397ethgpt 
       foreign key (address_id) 
       references addresses
Hibernate: 
    alter table if exists orders 
       add constraint FKhlglkvf5i60dv6dn397ethgpt 
       foreign key (address_id) 
       references addresses
2026-04-13T20:55:25.767+05:30 DEBUG 92552 --- [           main] org.hibernate.SQL                        : 
    alter table if exists orders 
       add constraint FKn1d1gkxckw648m2n2d5gx0yx5 
       foreign key (coupon_id) 
       references coupons
Hibernate: 
    alter table if exists orders 
       add constraint FKn1d1gkxckw648m2n2d5gx0yx5 
       foreign key (coupon_id) 
       references coupons
2026-04-13T20:55:25.768+05:30 DEBUG 92552 --- [           main] org.hibernate.SQL                        : 
    alter table if exists orders 
       add constraint FK32ql8ubntj5uh44ph9659tiih 
       foreign key (user_id) 
       references users
Hibernate: 
    alter table if exists orders 
       add constraint FK32ql8ubntj5uh44ph9659tiih 
       foreign key (user_id) 
       references users
2026-04-13T20:55:25.769+05:30 DEBUG 92552 --- [           main] org.hibernate.SQL                        : 
    alter table if exists otp_tokens 
       add constraint FKjyk2kyj8ul2bjqjpentlrpyi1 
       foreign key (user_id) 
       references users
Hibernate: 
    alter table if exists otp_tokens 
       add constraint FKjyk2kyj8ul2bjqjpentlrpyi1 
       foreign key (user_id) 
       references users
2026-04-13T20:55:25.771+05:30 DEBUG 92552 --- [           main] org.hibernate.SQL                        : 
    alter table if exists payment_methods 
       add constraint FKin7rtmim3ljrrhh5kxbq27s2v 
       foreign key (user_id) 
       references users
Hibernate: 
    alter table if exists payment_methods 
       add constraint FKin7rtmim3ljrrhh5kxbq27s2v 
       foreign key (user_id) 
       references users
2026-04-13T20:55:25.772+05:30 DEBUG 92552 --- [           main] org.hibernate.SQL                        : 
    alter table if exists payments 
       add constraint FK81gagumt0r8y3rmudcgpbk42l 
       foreign key (order_id) 
       references orders
Hibernate: 
    alter table if exists payments 
       add constraint FK81gagumt0r8y3rmudcgpbk42l 
       foreign key (order_id) 
       references orders
2026-04-13T20:55:25.773+05:30 DEBUG 92552 --- [           main] org.hibernate.SQL                        : 
    alter table if exists product_images 
       add constraint FKqnq71xsohugpqwf3c9gxmsuy 
       foreign key (product_id) 
       references products
Hibernate: 
    alter table if exists product_images 
       add constraint FKqnq71xsohugpqwf3c9gxmsuy 
       foreign key (product_id) 
       references products
2026-04-13T20:55:25.774+05:30 DEBUG 92552 --- [           main] org.hibernate.SQL                        : 
    alter table if exists product_variants 
       add constraint FKosqitn4s405cynmhb87lkvuau 
       foreign key (product_id) 
       references products
Hibernate: 
    alter table if exists product_variants 
       add constraint FKosqitn4s405cynmhb87lkvuau 
       foreign key (product_id) 
       references products
2026-04-13T20:55:25.774+05:30 DEBUG 92552 --- [           main] org.hibernate.SQL                        : 
    alter table if exists products 
       add constraint FKog2rp4qthbtt2lfyhfo32lsw9 
       foreign key (category_id) 
       references categories
Hibernate: 
    alter table if exists products 
       add constraint FKog2rp4qthbtt2lfyhfo32lsw9 
       foreign key (category_id) 
       references categories
2026-04-13T20:55:25.776+05:30 DEBUG 92552 --- [           main] org.hibernate.SQL                        : 
    alter table if exists refresh_tokens 
       add constraint FK1lih5y2npsf8u5o3vhdb9y0os 
       foreign key (user_id) 
       references users
Hibernate: 
    alter table if exists refresh_tokens 
       add constraint FK1lih5y2npsf8u5o3vhdb9y0os 
       foreign key (user_id) 
       references users
2026-04-13T20:55:25.777+05:30 DEBUG 92552 --- [           main] org.hibernate.SQL                        : 
    alter table if exists reviews 
       add constraint FKpl51cejpw4gy5swfar8br9ngi 
       foreign key (product_id) 
       references products
Hibernate: 
    alter table if exists reviews 
       add constraint FKpl51cejpw4gy5swfar8br9ngi 
       foreign key (product_id) 
       references products
2026-04-13T20:55:25.778+05:30 DEBUG 92552 --- [           main] org.hibernate.SQL                        : 
    alter table if exists reviews 
       add constraint FKcgy7qjc1r99dp117y9en6lxye 
       foreign key (user_id) 
       references users
Hibernate: 
    alter table if exists reviews 
       add constraint FKcgy7qjc1r99dp117y9en6lxye 
       foreign key (user_id) 
       references users
2026-04-13T20:55:25.779+05:30 DEBUG 92552 --- [           main] org.hibernate.SQL                        : 
    alter table if exists wishlist_items 
       add constraint FKqxj7lncd242b59fb78rqegyxj 
       foreign key (product_id) 
       references products
Hibernate: 
    alter table if exists wishlist_items 
       add constraint FKqxj7lncd242b59fb78rqegyxj 
       foreign key (product_id) 
       references products
2026-04-13T20:55:25.779+05:30 DEBUG 92552 --- [           main] org.hibernate.SQL                        : 
    alter table if exists wishlist_items 
       add constraint FKmmj2k1i459yu449k3h1vx5abp 
       foreign key (user_id) 
       references users
Hibernate: 
    alter table if exists wishlist_items 
       add constraint FKmmj2k1i459yu449k3h1vx5abp 
       foreign key (user_id) 
       references users
2026-04-13T20:55:25.784+05:30  INFO 92552 --- [           main] j.LocalContainerEntityManagerFactoryBean : Initialized JPA EntityManagerFactory for persistence unit 'default'
2026-04-13T20:55:26.536+05:30  WARN 92552 --- [           main] JpaBaseConfiguration$JpaWebConfiguration : spring.jpa.open-in-view is enabled by default. Therefore, database queries may be performed during view rendering. Explicitly configure spring.jpa.open-in-view to disable this warning
2026-04-13T20:55:26.557+05:30  INFO 92552 --- [           main] r$InitializeUserDetailsManagerConfigurer : Global AuthenticationManager configured with UserDetailsService bean with name userDetailsServiceImpl
2026-04-13T20:55:26.872+05:30  INFO 92552 --- [           main] o.s.b.a.e.web.EndpointLinksResolver      : Exposing 1 endpoint beneath base path '/actuator'
2026-04-13T20:55:27.270+05:30  INFO 92552 --- [           main] o.s.b.w.embedded.tomcat.TomcatWebServer  : Tomcat started on port 59807 (http) with context path '/'
2026-04-13T20:55:27.285+05:30  INFO 92552 --- [           main] c.o.t.i.SystemWiringIntegrationTest      : Started SystemWiringIntegrationTest in 4.421 seconds (process running for 4.991)
2026-04-13T20:55:27.430+05:30 DEBUG 92552 --- [           main] org.hibernate.SQL                        : 
    select
        u1_0.id,
        u1_0.avatar_url,
        u1_0.created_at,
        u1_0.date_of_birth,
        u1_0.email,
        u1_0.gender,
        u1_0.is_verified,
        u1_0.name,
        u1_0.new_collections,
        u1_0.newsletter,
        u1_0.order_updates,
        u1_0.password,
        u1_0.phone,
        u1_0.role,
        u1_0.security_alerts,
        u1_0.two_factor_enabled 
    from
        users u1_0 
    where
        upper(u1_0.email)=upper(?)
Hibernate: 
    select
        u1_0.id,
        u1_0.avatar_url,
        u1_0.created_at,
        u1_0.date_of_birth,
        u1_0.email,
        u1_0.gender,
        u1_0.is_verified,
        u1_0.name,
        u1_0.new_collections,
        u1_0.newsletter,
        u1_0.order_updates,
        u1_0.password,
        u1_0.phone,
        u1_0.role,
        u1_0.security_alerts,
        u1_0.two_factor_enabled 
    from
        users u1_0 
    where
        upper(u1_0.email)=upper(?)
2026-04-13T20:55:27.954+05:30 DEBUG 92552 --- [           main] org.hibernate.SQL                        : 
    insert 
    into
        users
        (avatar_url, created_at, date_of_birth, email, gender, is_verified, name, new_collections, newsletter, order_updates, password, phone, role, security_alerts, two_factor_enabled, id) 
    values
        (?, ?, ?, ?, ?, ?, ?, ?, ?, ?, ?, ?, ?, ?, ?, ?)
Hibernate: 
    insert 
    into
        users
        (avatar_url, created_at, date_of_birth, email, gender, is_verified, name, new_collections, newsletter, order_updates, password, phone, role, security_alerts, two_factor_enabled, id) 
    values
        (?, ?, ?, ?, ?, ?, ?, ?, ?, ?, ?, ?, ?, ?, ?, ?)
2026-04-13T20:55:27.963+05:30 DEBUG 92552 --- [           main] org.hibernate.SQL                        : 
    select
        c1_0.id,
        c1_0.icon_name,
        c1_0.image_url,
        c1_0.item_count,
        c1_0.name,
        c1_0.parent_id,
        c1_0.slug 
    from
        categories c1_0 
    where
        c1_0.slug=?
Hibernate: 
    select
        c1_0.id,
        c1_0.icon_name,
        c1_0.image_url,
        c1_0.item_count,
        c1_0.name,
        c1_0.parent_id,
        c1_0.slug 
    from
        categories c1_0 
    where
        c1_0.slug=?
2026-04-13T20:55:27.966+05:30 DEBUG 92552 --- [           main] org.hibernate.SQL                        : 
    insert 
    into
        categories
        (icon_name, image_url, item_count, name, parent_id, slug, id) 
    values
        (?, ?, ?, ?, ?, ?, ?)
Hibernate: 
    insert 
    into
        categories
        (icon_name, image_url, item_count, name, parent_id, slug, id) 
    values
        (?, ?, ?, ?, ?, ?, ?)
2026-04-13T20:55:27.967+05:30 DEBUG 92552 --- [           main] org.hibernate.SQL                        : 
    select
        c1_0.id,
        c1_0.icon_name,
        c1_0.image_url,
        c1_0.item_count,
        c1_0.name,
        c1_0.parent_id,
        c1_0.slug 
    from
        categories c1_0 
    where
        c1_0.slug=?
Hibernate: 
    select
        c1_0.id,
        c1_0.icon_name,
        c1_0.image_url,
        c1_0.item_count,
        c1_0.name,
        c1_0.parent_id,
        c1_0.slug 
    from
        categories c1_0 
    where
        c1_0.slug=?
2026-04-13T20:55:27.968+05:30 DEBUG 92552 --- [           main] org.hibernate.SQL                        : 
    insert 
    into
        categories
        (icon_name, image_url, item_count, name, parent_id, slug, id) 
    values
        (?, ?, ?, ?, ?, ?, ?)
Hibernate: 
    insert 
    into
        categories
        (icon_name, image_url, item_count, name, parent_id, slug, id) 
    values
        (?, ?, ?, ?, ?, ?, ?)
2026-04-13T20:55:27.969+05:30 DEBUG 92552 --- [           main] org.hibernate.SQL                        : 
    select
        c1_0.id,
        c1_0.icon_name,
        c1_0.image_url,
        c1_0.item_count,
        c1_0.name,
        c1_0.parent_id,
        c1_0.slug 
    from
        categories c1_0 
    where
        c1_0.slug=?
Hibernate: 
    select
        c1_0.id,
        c1_0.icon_name,
        c1_0.image_url,
        c1_0.item_count,
        c1_0.name,
        c1_0.parent_id,
        c1_0.slug 
    from
        categories c1_0 
    where
        c1_0.slug=?
2026-04-13T20:55:27.970+05:30 DEBUG 92552 --- [           main] org.hibernate.SQL                        : 
    insert 
    into
        categories
        (icon_name, image_url, item_count, name, parent_id, slug, id) 
    values
        (?, ?, ?, ?, ?, ?, ?)
Hibernate: 
    insert 
    into
        categories
        (icon_name, image_url, item_count, name, parent_id, slug, id) 
    values
        (?, ?, ?, ?, ?, ?, ?)
2026-04-13T20:55:27.971+05:30 DEBUG 92552 --- [           main] org.hibernate.SQL                        : 
    select
        c1_0.id,
        c1_0.icon_name,
        c1_0.image_url,
        c1_0.item_count,
        c1_0.name,
        c1_0.parent_id,
        c1_0.slug 
    from
        categories c1_0 
    where
        c1_0.slug=?
Hibernate: 
    select
        c1_0.id,
        c1_0.icon_name,
        c1_0.image_url,
        c1_0.item_count,
        c1_0.name,
        c1_0.parent_id,
        c1_0.slug 
    from
        categories c1_0 
    where
        c1_0.slug=?
2026-04-13T20:55:27.975+05:30 DEBUG 92552 --- [           main] org.hibernate.SQL                        : 
    select
        c1_0.id,
        c1_0.icon_name,
        c1_0.image_url,
        c1_0.item_count,
        c1_0.name,
        c1_0.parent_id,
        c1_0.slug 
    from
        categories c1_0 
    where
        c1_0.slug=?
Hibernate: 
    select
        c1_0.id,
        c1_0.icon_name,
        c1_0.image_url,
        c1_0.item_count,
        c1_0.name,
        c1_0.parent_id,
        c1_0.slug 
    from
        categories c1_0 
    where
        c1_0.slug=?
2026-04-13T20:55:27.976+05:30 DEBUG 92552 --- [           main] org.hibernate.SQL                        : 
    select
        c1_0.id,
        c1_0.icon_name,
        c1_0.image_url,
        c1_0.item_count,
        c1_0.name,
        c1_0.parent_id,
        c1_0.slug 
    from
        categories c1_0 
    where
        c1_0.slug=?
Hibernate: 
    select
        c1_0.id,
        c1_0.icon_name,
        c1_0.image_url,
        c1_0.item_count,
        c1_0.name,
        c1_0.parent_id,
        c1_0.slug 
    from
        categories c1_0 
    where
        c1_0.slug=?
2026-04-13T20:55:27.978+05:30 DEBUG 92552 --- [           main] org.hibernate.SQL                        : 
    select
        p1_0.id,
        p1_0.brand,
        p1_0.category_id,
        p1_0.created_at,
        p1_0.description,
        p1_0.discount_price,
        p1_0.is_available,
        p1_0.is_featured,
        p1_0.name,
        p1_0.price,
        p1_0.rating_avg,
        p1_0.rating_count,
        p1_0.slug,
        p1_0.stock 
    from
        products p1_0 
    where
        p1_0.slug=?
Hibernate: 
    select
        p1_0.id,
        p1_0.brand,
        p1_0.category_id,
        p1_0.created_at,
        p1_0.description,
        p1_0.discount_price,
        p1_0.is_available,
        p1_0.is_featured,
        p1_0.name,
        p1_0.price,
        p1_0.rating_avg,
        p1_0.rating_count,
        p1_0.slug,
        p1_0.stock 
    from
        products p1_0 
    where
        p1_0.slug=?
2026-04-13T20:55:27.985+05:30 DEBUG 92552 --- [           main] org.hibernate.SQL                        : 
    select
        null,
        c1_0.icon_name,
        c1_0.image_url,
        c1_0.item_count,
        c1_0.name,
        c1_0.parent_id,
        c1_0.slug 
    from
        categories c1_0 
    where
        c1_0.id=?
Hibernate: 
    select
        null,
        c1_0.icon_name,
        c1_0.image_url,
        c1_0.item_count,
        c1_0.name,
        c1_0.parent_id,
        c1_0.slug 
    from
        categories c1_0 
    where
        c1_0.id=?
2026-04-13T20:55:27.987+05:30 DEBUG 92552 --- [           main] org.hibernate.SQL                        : 
    insert 
    into
        products
        (brand, category_id, created_at, description, discount_price, is_available, is_featured, name, price, rating_avg, rating_count, slug, stock, id) 
    values
        (?, ?, ?, ?, ?, ?, ?, ?, ?, ?, ?, ?, ?, ?)
Hibernate: 
    insert 
    into
        products
        (brand, category_id, created_at, description, discount_price, is_available, is_featured, name, price, rating_avg, rating_count, slug, stock, id) 
    values
        (?, ?, ?, ?, ?, ?, ?, ?, ?, ?, ?, ?, ?, ?)
2026-04-13T20:55:27.989+05:30 DEBUG 92552 --- [           main] org.hibernate.SQL                        : 
    insert 
    into
        product_images
        (product_id, image_url) 
    values
        (?, ?)
Hibernate: 
    insert 
    into
        product_images
        (product_id, image_url) 
    values
        (?, ?)
2026-04-13T20:55:27.991+05:30 DEBUG 92552 --- [           main] org.hibernate.SQL                        : 
    select
        p1_0.id,
        p1_0.brand,
        p1_0.category_id,
        p1_0.created_at,
        p1_0.description,
        p1_0.discount_price,
        p1_0.is_available,
        p1_0.is_featured,
        p1_0.name,
        p1_0.price,
        p1_0.rating_avg,
        p1_0.rating_count,
        p1_0.slug,
        p1_0.stock 
    from
        products p1_0 
    where
        p1_0.slug=?
Hibernate: 
    select
        p1_0.id,
        p1_0.brand,
        p1_0.category_id,
        p1_0.created_at,
        p1_0.description,
        p1_0.discount_price,
        p1_0.is_available,
        p1_0.is_featured,
        p1_0.name,
        p1_0.price,
        p1_0.rating_avg,
        p1_0.rating_count,
        p1_0.slug,
        p1_0.stock 
    from
        products p1_0 
    where
        p1_0.slug=?
2026-04-13T20:55:27.992+05:30 DEBUG 92552 --- [           main] org.hibernate.SQL                        : 
    select
        null,
        c1_0.icon_name,
        c1_0.image_url,
        c1_0.item_count,
        c1_0.name,
        c1_0.parent_id,
        c1_0.slug 
    from
        categories c1_0 
    where
        c1_0.id=?
Hibernate: 
    select
        null,
        c1_0.icon_name,
        c1_0.image_url,
        c1_0.item_count,
        c1_0.name,
        c1_0.parent_id,
        c1_0.slug 
    from
        categories c1_0 
    where
        c1_0.id=?
2026-04-13T20:55:27.993+05:30 DEBUG 92552 --- [           main] org.hibernate.SQL                        : 
    insert 
    into
        products
        (brand, category_id, created_at, description, discount_price, is_available, is_featured, name, price, rating_avg, rating_count, slug, stock, id) 
    values
        (?, ?, ?, ?, ?, ?, ?, ?, ?, ?, ?, ?, ?, ?)
Hibernate: 
    insert 
    into
        products
        (brand, category_id, created_at, description, discount_price, is_available, is_featured, name, price, rating_avg, rating_count, slug, stock, id) 
    values
        (?, ?, ?, ?, ?, ?, ?, ?, ?, ?, ?, ?, ?, ?)
2026-04-13T20:55:27.993+05:30 DEBUG 92552 --- [           main] org.hibernate.SQL                        : 
    insert 
    into
        product_images
        (product_id, image_url) 
    values
        (?, ?)
Hibernate: 
    insert 
    into
        product_images
        (product_id, image_url) 
    values
        (?, ?)
2026-04-13T20:55:27.994+05:30 DEBUG 92552 --- [           main] org.hibernate.SQL                        : 
    select
        p1_0.id,
        p1_0.brand,
        p1_0.category_id,
        p1_0.created_at,
        p1_0.description,
        p1_0.discount_price,
        p1_0.is_available,
        p1_0.is_featured,
        p1_0.name,
        p1_0.price,
        p1_0.rating_avg,
        p1_0.rating_count,
        p1_0.slug,
        p1_0.stock 
    from
        products p1_0 
    where
        p1_0.slug=?
Hibernate: 
    select
        p1_0.id,
        p1_0.brand,
        p1_0.category_id,
        p1_0.created_at,
        p1_0.description,
        p1_0.discount_price,
        p1_0.is_available,
        p1_0.is_featured,
        p1_0.name,
        p1_0.price,
        p1_0.rating_avg,
        p1_0.rating_count,
        p1_0.slug,
        p1_0.stock 
    from
        products p1_0 
    where
        p1_0.slug=?
2026-04-13T20:55:27.995+05:30 DEBUG 92552 --- [           main] org.hibernate.SQL                        : 
    select
        null,
        c1_0.icon_name,
        c1_0.image_url,
        c1_0.item_count,
        c1_0.name,
        c1_0.parent_id,
        c1_0.slug 
    from
        categories c1_0 
    where
        c1_0.id=?
Hibernate: 
    select
        null,
        c1_0.icon_name,
        c1_0.image_url,
        c1_0.item_count,
        c1_0.name,
        c1_0.parent_id,
        c1_0.slug 
    from
        categories c1_0 
    where
        c1_0.id=?
2026-04-13T20:55:27.996+05:30 DEBUG 92552 --- [           main] org.hibernate.SQL                        : 
    insert 
    into
        products
        (brand, category_id, created_at, description, discount_price, is_available, is_featured, name, price, rating_avg, rating_count, slug, stock, id) 
    values
        (?, ?, ?, ?, ?, ?, ?, ?, ?, ?, ?, ?, ?, ?)
Hibernate: 
    insert 
    into
        products
        (brand, category_id, created_at, description, discount_price, is_available, is_featured, name, price, rating_avg, rating_count, slug, stock, id) 
    values
        (?, ?, ?, ?, ?, ?, ?, ?, ?, ?, ?, ?, ?, ?)
2026-04-13T20:55:27.996+05:30 DEBUG 92552 --- [           main] org.hibernate.SQL                        : 
    insert 
    into
        product_images
        (product_id, image_url) 
    values
        (?, ?)
Hibernate: 
    insert 
    into
        product_images
        (product_id, image_url) 
    values
        (?, ?)
2026-04-13T20:55:28.110+05:30 DEBUG 92552 --- [           main] org.hibernate.SQL                        : 
    select
        count(*) 
    from
        addresses a1_0
Hibernate: 
    select
        count(*) 
    from
        addresses a1_0
2026-04-13T20:55:28.113+05:30 DEBUG 92552 --- [           main] org.hibernate.SQL                        : 
    select
        null,
        u1_0.avatar_url,
        u1_0.created_at,
        u1_0.date_of_birth,
        u1_0.email,
        u1_0.gender,
        u1_0.is_verified,
        u1_0.name,
        u1_0.new_collections,
        u1_0.newsletter,
        u1_0.order_updates,
        u1_0.password,
        u1_0.phone,
        u1_0.role,
        u1_0.security_alerts,
        u1_0.two_factor_enabled 
    from
        users u1_0 
    where
        u1_0.id=?
Hibernate: 
    select
        null,
        u1_0.avatar_url,
        u1_0.created_at,
        u1_0.date_of_birth,
        u1_0.email,
        u1_0.gender,
        u1_0.is_verified,
        u1_0.name,
        u1_0.new_collections,
        u1_0.newsletter,
        u1_0.order_updates,
        u1_0.password,
        u1_0.phone,
        u1_0.role,
        u1_0.security_alerts,
        u1_0.two_factor_enabled 
    from
        users u1_0 
    where
        u1_0.id=?
2026-04-13T20:55:28.114+05:30 DEBUG 92552 --- [           main] org.hibernate.SQL                        : 
    insert 
    into
        addresses
        (address_type, city, full_name, is_default, phone, pincode, state, street, user_id, id) 
    values
        (?, ?, ?, ?, ?, ?, ?, ?, ?, ?)
Hibernate: 
    insert 
    into
        addresses
        (address_type, city, full_name, is_default, phone, pincode, state, street, user_id, id) 
    values
        (?, ?, ?, ?, ?, ?, ?, ?, ?, ?)
2026-04-13T20:55:28.116+05:30 DEBUG 92552 --- [           main] org.hibernate.SQL                        : 
    select
        c1_0.id,
        c1_0.code,
        c1_0.discount_type,
        c1_0.discount_value,
        c1_0.expires_at,
        c1_0.is_active,
        c1_0.max_discount,
        c1_0.min_order_amount,
        c1_0.usage_limit,
        c1_0.used_count 
    from
        coupons c1_0 
    where
        upper(c1_0.code)=upper(?)
Hibernate: 
    select
        c1_0.id,
        c1_0.code,
        c1_0.discount_type,
        c1_0.discount_value,
        c1_0.expires_at,
        c1_0.is_active,
        c1_0.max_discount,
        c1_0.min_order_amount,
        c1_0.usage_limit,
        c1_0.used_count 
    from
        coupons c1_0 
    where
        upper(c1_0.code)=upper(?)
2026-04-13T20:55:28.118+05:30 DEBUG 92552 --- [           main] org.hibernate.SQL                        : 
    insert 
    into
        coupons
        (code, discount_type, discount_value, expires_at, is_active, max_discount, min_order_amount, usage_limit, used_count, id) 
    values
        (?, ?, ?, ?, ?, ?, ?, ?, ?, ?)
Hibernate: 
    insert 
    into
        coupons
        (code, discount_type, discount_value, expires_at, is_active, max_discount, min_order_amount, usage_limit, used_count, id) 
    values
        (?, ?, ?, ?, ?, ?, ?, ?, ?, ?)
2026-04-13T20:55:28.416+05:30 DEBUG 92552 --- [           main] org.hibernate.SQL                        : 
    insert 
    into
        categories
        (icon_name, image_url, item_count, name, parent_id, slug, id) 
    values
        (?, ?, ?, ?, ?, ?, ?)
Hibernate: 
    insert 
    into
        categories
        (icon_name, image_url, item_count, name, parent_id, slug, id) 
    values
        (?, ?, ?, ?, ?, ?, ?)
2026-04-13T20:55:28.488+05:30  INFO 92552 --- [o-auto-1-exec-1] o.a.c.c.C.[Tomcat].[localhost].[/]       : Initializing Spring DispatcherServlet 'dispatcherServlet'
2026-04-13T20:55:28.488+05:30  INFO 92552 --- [o-auto-1-exec-1] o.s.web.servlet.DispatcherServlet        : Initializing Servlet 'dispatcherServlet'
2026-04-13T20:55:28.489+05:30  INFO 92552 --- [o-auto-1-exec-1] o.s.web.servlet.DispatcherServlet        : Completed initialization in 0 ms
2026-04-13T20:55:28.517+05:30 DEBUG 92552 --- [o-auto-1-exec-1] org.hibernate.SQL                        : 
    select
        c1_0.id,
        c1_0.icon_name,
        c1_0.image_url,
        c1_0.item_count,
        c1_0.name,
        c1_0.parent_id,
        c1_0.slug 
    from
        categories c1_0
Hibernate: 
    select
        c1_0.id,
        c1_0.icon_name,
        c1_0.image_url,
        c1_0.item_count,
        c1_0.name,
        c1_0.parent_id,
        c1_0.slug 
    from
        categories c1_0
2026-04-13T20:55:28.589+05:30 DEBUG 92552 --- [           main] org.hibernate.SQL                        : 
    select
        c1_0.id,
        c1_0.icon_name,
        c1_0.image_url,
        c1_0.item_count,
        c1_0.name,
        c1_0.parent_id,
        c1_0.slug 
    from
        categories c1_0
Hibernate: 
    select
        c1_0.id,
        c1_0.icon_name,
        c1_0.image_url,
        c1_0.item_count,
        c1_0.name,
        c1_0.parent_id,
        c1_0.slug 
    from
        categories c1_0
2026-04-13T20:55:28.595+05:30 DEBUG 92552 --- [           main] org.hibernate.SQL                        : 
    select
        c1_0.id,
        c1_0.icon_name,
        c1_0.image_url,
        c1_0.item_count,
        c1_0.name,
        c1_0.parent_id,
        c1_0.slug 
    from
        categories c1_0 
    where
        c1_0.id=?
Hibernate: 
    select
        c1_0.id,
        c1_0.icon_name,
        c1_0.image_url,
        c1_0.item_count,
        c1_0.name,
        c1_0.parent_id,
        c1_0.slug 
    from
        categories c1_0 
    where
        c1_0.id=?
2026-04-13T20:55:28.599+05:30 DEBUG 92552 --- [           main] org.hibernate.SQL                        : 
    delete 
    from
        categories 
    where
        id=?
Hibernate: 
    delete 
    from
        categories 
    where
        id=?
]]></system-out>
    <system-err><![CDATA[WARNING: A Java agent has been loaded dynamically (/Users/rupeshkohli/.m2/repository/net/bytebuddy/byte-buddy-agent/1.14.19/byte-buddy-agent-1.14.19.jar)
WARNING: If a serviceability tool is in use, please run with -XX:+EnableDynamicAgentLoading to hide this warning
WARNING: If a serviceability tool is not in use, please run with -Djdk.instrument.traceUsage for more information
WARNING: Dynamic loading of agents will be disallowed by default in a future release
]]></system-err>
  </testcase>
  <testcase name="shouldReadSeededCategoriesThroughPublicApi" classname="com.obsidian.tests.integration.SystemWiringIntegrationTest" time="0.016">
    <system-out><![CDATA[2026-04-13T20:55:28.610+05:30 DEBUG 92552 --- [           main] org.hibernate.SQL                        : 
    select
        c1_0.id,
        c1_0.icon_name,
        c1_0.image_url,
        c1_0.item_count,
        c1_0.name,
        c1_0.parent_id,
        c1_0.slug 
    from
        categories c1_0
Hibernate: 
    select
        c1_0.id,
        c1_0.icon_name,
        c1_0.image_url,
        c1_0.item_count,
        c1_0.name,
        c1_0.parent_id,
        c1_0.slug 
    from
        categories c1_0
2026-04-13T20:55:28.616+05:30 DEBUG 92552 --- [o-auto-1-exec-2] org.hibernate.SQL                        : 
    select
        c1_0.id,
        c1_0.icon_name,
        c1_0.image_url,
        c1_0.item_count,
        c1_0.name,
        c1_0.parent_id,
        c1_0.slug 
    from
        categories c1_0
Hibernate: 
    select
        c1_0.id,
        c1_0.icon_name,
        c1_0.image_url,
        c1_0.item_count,
        c1_0.name,
        c1_0.parent_id,
        c1_0.slug 
    from
        categories c1_0
2026-04-13T20:55:28.620+05:30 DEBUG 92552 --- [           main] org.hibernate.SQL                        : 
    select
        c1_0.id,
        c1_0.icon_name,
        c1_0.image_url,
        c1_0.item_count,
        c1_0.name,
        c1_0.parent_id,
        c1_0.slug 
    from
        categories c1_0
Hibernate: 
    select
        c1_0.id,
        c1_0.icon_name,
        c1_0.image_url,
        c1_0.item_count,
        c1_0.name,
        c1_0.parent_id,
        c1_0.slug 
    from
        categories c1_0
]]></system-out>
  </testcase>
</testsuite>